[36minfo[39m: [36mServer running on port 8080[39m
[36minfo[39m: [36mConnected to MongoDB[39m
[36minfo[39m: [36mServer running on port 8080[39m
[36minfo[39m: [36mConnected to MongoDB[39m
[36minfo[39m: [36mServer running on port 8080[39m
[36minfo[39m: [36mConnected to MongoDB[39m
[36minfo[39m: [36mServer running on port 8080[39m
[36minfo[39m: [36mConnected to MongoDB[39m
[36minfo[39m: [36mServer running on port 8080[39m
[36minfo[39m: [36mConnected to MongoDB[39m
[36minfo[39m: [36mServer running on port 8080[39m
[36minfo[39m: [36mConnected to MongoDB[39m
[36minfo[39m: [36mServer running on port 8080[39m
[36minfo[39m: [36mConnected to MongoDB[39m
[36minfo[39m: [36mServer running on port 8080[39m
[36minfo[39m: [36mConnected to MongoDB[39m
[36minfo[39m: [36mServer running on port 8080[39m
[36minfo[39m: [36mConnected to MongoDB[39m
[36minfo[39m: [36mServer running on port 8080[39m
[36minfo[39m: [36mConnected to MongoDB[39m
[36minfo[39m: [36mServer running on port 8080[39m
[36minfo[39m: [36mConnected to MongoDB[39m
[36minfo[39m: [36mServer running on port 8080[39m
[36minfo[39m: [36mConnected to MongoDB[39m
[36minfo[39m: [36mServer running on port 8080[39m
[36minfo[39m: [36mConnected to MongoDB[39m
[36minfo[39m: [36mServer running on port 8080[39m
[36minfo[39m: [36mConnected to MongoDB[39m
[36minfo[39m: [36mServer running on port 8080[39m
[36minfo[39m: [36mConnected to MongoDB[39m
[36minfo[39m: [36mServer running on port 8080[39m
[36minfo[39m: [36mConnected to MongoDB[39m
[36minfo[39m: [36mServer running on port 8080[39m
[36minfo[39m: [36mConnected to MongoDB[39m
[36minfo[39m: [36mServer running on port 8080[39m
[36minfo[39m: [36mConnected to MongoDB[39m
[36minfo[39m: [36mServer running on port 8080[39m
[36minfo[39m: [36mConnected to MongoDB[39m
[36minfo[39m: [36mServer running on port 8080[39m
[36minfo[39m: [36mConnected to MongoDB[39m
[36minfo[39m: [36mServer running on port 8080[39m
[36minfo[39m: [36mConnected to MongoDB[39m
[36minfo[39m: [36mServer running on port 8080[39m
[36minfo[39m: [36mConnected to MongoDB[39m
[36minfo[39m: [36mServer running on port 8080[39m
[36minfo[39m: [36mConnected to MongoDB[39m
[36minfo[39m: [36mServer running on port 8080[39m
[36minfo[39m: [36mConnected to MongoDB[39m
[36minfo[39m: [36mServer running on port 8080[39m
[36minfo[39m: [36mConnected to MongoDB[39m
[36minfo[39m: [36mServer running on port 8080[39m
[36minfo[39m: [36mConnected to MongoDB[39m
[36minfo[39m: [36mServer running on port 8080[39m
[36minfo[39m: [36mConnected to MongoDB[39m
[36minfo[39m: [36mServer running on port 8080[39m
[36minfo[39m: [36mConnected to MongoDB[39m
[36minfo[39m: [36mServer running on port 8080[39m
[36minfo[39m: [36mConnected to MongoDB[39m
[36minfo[39m: [36mServer running on port 8080[39m
[36minfo[39m: [36mConnected to MongoDB[39m
[36minfo[39m: [36mServer running on port 8080[39m
[36minfo[39m: [36mConnected to MongoDB[39m
[36minfo[39m: [36mServer running on port 8080[39m
[36minfo[39m: [36mConnected to MongoDB[39m
[36minfo[39m: [36mServer running on port 8080[39m
[36minfo[39m: [36mConnected to MongoDB[39m
[36minfo[39m: [36mServer running on port 8080[39m
[36minfo[39m: [36mServer running on port 8080[39m
[36minfo[39m: [36mConnected to MongoDB[39m
[36minfo[39m: [36mServer running on port 8080[39m
[36minfo[39m: [36mConnected to MongoDB[39m
[33mwarning[39m: [33mUsuario no autenticado[39m
[36minfo[39m: [36mServer running on port 8080[39m
[36minfo[39m: [36mServer running on port 8080[39m
[36minfo[39m: [36mConnected to MongoDB[39m
[36minfo[39m: [36mServer running on port 8080[39m
[36minfo[39m: [36mConnected to MongoDB[39m
[36minfo[39m: [36mServer running on port 8080[39m
[36minfo[39m: [36mConnected to MongoDB[39m
[36minfo[39m: [36mServer running on port 8080[39m
[36minfo[39m: [36mConnected to MongoDB[39m
[36minfo[39m: [36mServer running on port 8080[39m
[36minfo[39m: [36mConnected to MongoDB[39m
[36minfo[39m: [36mServer running on port 8080[39m
[36minfo[39m: [36mConnected to MongoDB[39m
[36minfo[39m: [36mServer running on port 8080[39m
[36minfo[39m: [36mConnected to MongoDB[39m
[36minfo[39m: [36mServer running on port 8080[39m
[36minfo[39m: [36mConnected to MongoDB[39m
[36minfo[39m: [36mServer running on port 8080[39m
[36minfo[39m: [36mConnected to MongoDB[39m
[36minfo[39m: [36mServer running on port 8080[39m
[36minfo[39m: [36mConnected to MongoDB[39m
[36minfo[39m: [36mServer running on port 8080[39m
[36minfo[39m: [36mConnected to MongoDB[39m
[36minfo[39m: [36mServer running on port 8080[39m
[36minfo[39m: [36mConnected to MongoDB[39m
[36minfo[39m: [36mServer running on port 8080[39m
[36minfo[39m: [36mConnected to MongoDB[39m
[36minfo[39m: [36mServer running on port 8080[39m
[36minfo[39m: [36mConnected to MongoDB[39m
[36minfo[39m: [36mServer running on port 8080[39m
[36minfo[39m: [36mConnected to MongoDB[39m
[36minfo[39m: [36mServer running on port 8080[39m
[36minfo[39m: [36mConnected to MongoDB[39m
[36minfo[39m: [36mServer running on port 8080[39m
[36minfo[39m: [36mConnected to MongoDB[39m
[36minfo[39m: [36mServer running on port 8080[39m
[36minfo[39m: [36mConnected to MongoDB[39m
[36minfo[39m: [36mServer running on port 8080[39m
[36minfo[39m: [36mConnected to MongoDB[39m
[36minfo[39m: [36mServer running on port 8080[39m
[36minfo[39m: [36mConnected to MongoDB[39m
[36minfo[39m: [36mServer running on port 8080[39m
[36minfo[39m: [36mConnected to MongoDB[39m
[36minfo[39m: [36mServer running on port 8080[39m
[36minfo[39m: [36mConnected to MongoDB[39m
[36minfo[39m: [36mServer running on port 8080[39m
[36minfo[39m: [36mConnected to MongoDB[39m
[36minfo[39m: [36mServer running on port 8080[39m
[36minfo[39m: [36mConnected to MongoDB[39m
[36minfo[39m: [36mServer running on port 8080[39m
[36minfo[39m: [36mConnected to MongoDB[39m
[36minfo[39m: [36mServer running on port 8080[39m
[36minfo[39m: [36mConnected to MongoDB[39m
[36minfo[39m: [36mServer running on port 8080[39m
[36minfo[39m: [36mConnected to MongoDB[39m
[36minfo[39m: [36mServer running on port 8080[39m
[36minfo[39m: [36mConnected to MongoDB[39m
[36minfo[39m: [36mServer running on port 8080[39m
[36minfo[39m: [36mConnected to MongoDB[39m
[36minfo[39m: [36mServer running on port 8080[39m
[36minfo[39m: [36mConnected to MongoDB[39m
[36minfo[39m: [36mServer running on port 8080[39m
[36minfo[39m: [36mConnected to MongoDB[39m
[36minfo[39m: [36mServer running on port 8080[39m
[36minfo[39m: [36mConnected to MongoDB[39m
[36minfo[39m: [36mServer running on port 8080[39m
[36minfo[39m: [36mConnected to MongoDB[39m
[36minfo[39m: [36mServer running on port 8080[39m
[36minfo[39m: [36mConnected to MongoDB[39m
[36minfo[39m: [36mServer running on port 8080[39m
[36minfo[39m: [36mConnected to MongoDB[39m
[36minfo[39m: [36mServer running on port 8080[39m
[36minfo[39m: [36mConnected to MongoDB[39m
[36minfo[39m: [36mServer running on port 8080[39m
[36minfo[39m: [36mConnected to MongoDB[39m
[36minfo[39m: [36mServer running on port 8080[39m
[36minfo[39m: [36mConnected to MongoDB[39m
[36minfo[39m: [36mServer running on port 8080[39m
[36minfo[39m: [36mConnected to MongoDB[39m
[36minfo[39m: [36mServer running on port 8080[39m
[36minfo[39m: [36mConnected to MongoDB[39m
[36minfo[39m: [36mServer running on port 8080[39m
[36minfo[39m: [36mConnected to MongoDB[39m
[36minfo[39m: [36mServer running on port 8080[39m
[36minfo[39m: [36mConnected to MongoDB[39m
[36minfo[39m: [36mServer running on port 8080[39m
[36minfo[39m: [36mConnected to MongoDB[39m
[36minfo[39m: [36mServer running on port 8080[39m
[36minfo[39m: [36mConnected to MongoDB[39m
[36minfo[39m: [36mServer running on port 8080[39m
[36minfo[39m: [36mConnected to MongoDB[39m
[36minfo[39m: [36mServer running on port 8080[39m
[36minfo[39m: [36mConnected to MongoDB[39m
[36minfo[39m: [36mServer running on port 8080[39m
[36minfo[39m: [36mConnected to MongoDB[39m
[36minfo[39m: [36mServer running on port 8080[39m
[36minfo[39m: [36mConnected to MongoDB[39m
[36minfo[39m: [36mServer running on port 8080[39m
[36minfo[39m: [36mConnected to MongoDB[39m
[36minfo[39m: [36mServer running on port 8080[39m
[36minfo[39m: [36mConnected to MongoDB[39m
[36minfo[39m: [36mServer running on port 8080[39m
[36minfo[39m: [36mConnected to MongoDB[39m
[36minfo[39m: [36mServer running on port 8080[39m
[36minfo[39m: [36mConnected to MongoDB[39m
[36minfo[39m: [36mServer running on port 8080[39m
[36minfo[39m: [36mConnected to MongoDB[39m
[36minfo[39m: [36mServer running on port 8080[39m
[36minfo[39m: [36mConnected to MongoDB[39m
[36minfo[39m: [36mServer running on port 8080[39m
[36minfo[39m: [36mConnected to MongoDB[39m
[36minfo[39m: [36mServer running on port 8080[39m
[36minfo[39m: [36mConnected to MongoDB[39m
[36minfo[39m: [36mServer running on port 8080[39m
[36minfo[39m: [36mConnected to MongoDB[39m
[36minfo[39m: [36mServer running on port 8080[39m
[36minfo[39m: [36mConnected to MongoDB[39m
[36minfo[39m: [36mServer running on port 8080[39m
[36minfo[39m: [36mConnected to MongoDB[39m
[36minfo[39m: [36mServer running on port 8080[39m
[36minfo[39m: [36mConnected to MongoDB[39m
[36minfo[39m: [36mServer running on port 8080[39m
[36minfo[39m: [36mConnected to MongoDB[39m
[33mwarning[39m: [33mError al obtener el usuarioReferenceError: password is not defined[39m
[36minfo[39m: [36mServer running on port 8080[39m
[36minfo[39m: [36mConnected to MongoDB[39m
[33mwarning[39m: [33mError al obtener el usuarioReferenceError: password is not defined[39m
[36minfo[39m: [36mServer running on port 8080[39m
[36minfo[39m: [36mConnected to MongoDB[39m
[36minfo[39m: [36mServer running on port 8080[39m
[36minfo[39m: [36mConnected to MongoDB[39m
[36minfo[39m: [36mServer running on port 8080[39m
[36minfo[39m: [36mConnected to MongoDB[39m
[33mwarning[39m: [33mFailed to obtain access token[39m
[33mwarning[39m: [33mError al obtener el usuarioReferenceError: password is not defined[39m
[36minfo[39m: [36mServer running on port 8080[39m
[36minfo[39m: [36mConnected to MongoDB[39m
[33mwarning[39m: [33mError al obtener el usuarioReferenceError: password is not defined[39m
[36minfo[39m: [36mServer running on port 8080[39m
[36minfo[39m: [36mConnected to MongoDB[39m
[36minfo[39m: [36mServer running on port 8080[39m
[36minfo[39m: [36mConnected to MongoDB[39m
[33mwarning[39m: [33mError al obtener el usuarioTypeError: ActionsMongo.createUser is not a function[39m
[36minfo[39m: [36mServer running on port 8080[39m
[36minfo[39m: [36mConnected to MongoDB[39m
[36minfo[39m: [36mServer running on port 8080[39m
[36minfo[39m: [36mConnected to MongoDB[39m
[36minfo[39m: [36mServer running on port 8080[39m
[36minfo[39m: [36mConnected to MongoDB[39m
[33mwarning[39m: [33mError al obtener el usuarioTypeError: Cannot destructure property 'prueba' of 'profile._json.email' as it is null.[39m
[36minfo[39m: [36mServer running on port 8080[39m
[36minfo[39m: [36mConnected to MongoDB[39m
[36minfo[39m: [36mServer running on port 8080[39m
[36minfo[39m: [36mConnected to MongoDB[39m
[36minfo[39m: [36mServer running on port 8080[39m
[36minfo[39m: [36mConnected to MongoDB[39m
[36minfo[39m: [36mServer running on port 8080[39m
[36minfo[39m: [36mConnected to MongoDB[39m
[36minfo[39m: [36mServer running on port 8080[39m
[36minfo[39m: [36mConnected to MongoDB[39m
[36minfo[39m: [36mServer running on port 8080[39m
[36minfo[39m: [36mConnected to MongoDB[39m
[36minfo[39m: [36mServer running on port 8080[39m
[36minfo[39m: [36mConnected to MongoDB[39m
[36minfo[39m: [36mServer running on port 8080[39m
[36minfo[39m: [36mConnected to MongoDB[39m
[36minfo[39m: [36mServer running on port 8080[39m
[36minfo[39m: [36mConnected to MongoDB[39m
[36minfo[39m: [36mServer running on port 8080[39m
[36minfo[39m: [36mConnected to MongoDB[39m
[33mwarning[39m: [33mError al obtener el usuarioReferenceError: fakeEmail is not defined[39m
[36minfo[39m: [36mServer running on port 8080[39m
[36minfo[39m: [36mConnected to MongoDB[39m
[36minfo[39m: [36mServer running on port 8080[39m
[36minfo[39m: [36mConnected to MongoDB[39m
[36minfo[39m: [36mServer running on port 8080[39m
[36minfo[39m: [36mConnected to MongoDB[39m
[33mwarning[39m: [33mFailed to obtain access token[39m
[33mwarning[39m: [33mError al obtener el usuarioReferenceError: bcrypt is not defined[39m
[36minfo[39m: [36mServer running on port 8080[39m
[36minfo[39m: [36mConnected to MongoDB[39m
[36minfo[39m: [36mServer running on port 8080[39m
[36minfo[39m: [36mConnected to MongoDB[39m
[36minfo[39m: [36mServer running on port 8080[39m
[36minfo[39m: [36mConnected to MongoDB[39m
[33mwarning[39m: [33mError al obtener el usuarioTypeError: Found non-callable @@iterator[39m
[36minfo[39m: [36mServer running on port 8080[39m
[36minfo[39m: [36mConnected to MongoDB[39m
[33mwarning[39m: [33mFailed to obtain access token[39m
[36minfo[39m: [36mServer running on port 8080[39m
[36minfo[39m: [36mConnected to MongoDB[39m
[33mwarning[39m: [33mError al obtener el usuarioError: Error al crear el usuario: E11000 duplicate key error collection: test.users index: email_1 dup key: { email: null }[39m
[36minfo[39m: [36mServer running on port 8080[39m
[36minfo[39m: [36mConnected to MongoDB[39m
[36minfo[39m: [36mServer running on port 8080[39m
[36minfo[39m: [36mConnected to MongoDB[39m
[36minfo[39m: [36mServer running on port 8080[39m
[36minfo[39m: [36mConnected to MongoDB[39m
[36minfo[39m: [36mServer running on port 8080[39m
[36minfo[39m: [36mConnected to MongoDB[39m
[33mwarning[39m: [33mError al obtener el usuarioError: Error al crear el usuario: E11000 duplicate key error collection: test.users index: email_1 dup key: { email: null }[39m
[36minfo[39m: [36mServer running on port 8080[39m
[36minfo[39m: [36mConnected to MongoDB[39m
[36minfo[39m: [36mServer running on port 8080[39m
[36minfo[39m: [36mConnected to MongoDB[39m
[36minfo[39m: [36mServer running on port 8080[39m
[36minfo[39m: [36mConnected to MongoDB[39m
[33mwarning[39m: [33mError al obtener el usuarioTypeError: Cannot read properties of undefined (reading 'json')[39m
[36minfo[39m: [36mServer running on port 8080[39m
[36minfo[39m: [36mConnected to MongoDB[39m
[36minfo[39m: [36mServer running on port 8080[39m
[36minfo[39m: [36mConnected to MongoDB[39m
[36minfo[39m: [36mServer running on port 8080[39m
[36minfo[39m: [36mConnected to MongoDB[39m
[36minfo[39m: [36mServer running on port 8080[39m
[36minfo[39m: [36mConnected to MongoDB[39m
[36minfo[39m: [36mServer running on port 8080[39m
[36minfo[39m: [36mConnected to MongoDB[39m
[36minfo[39m: [36mServer running on port 8080[39m
[36minfo[39m: [36mConnected to MongoDB[39m
[33mwarning[39m: [33mUsuario no autenticado[39m
[33mwarning[39m: [33mUsuario no autenticado[39m
[36minfo[39m: [36mServer running on port 8080[39m
[36minfo[39m: [36mConnected to MongoDB[39m
[33mwarning[39m: [33mUsuario no autenticado[39m
[33mwarning[39m: [33mUsuario no autenticado[39m
[36minfo[39m: [36mServer running on port 8080[39m
[36minfo[39m: [36mConnected to MongoDB[39m
[33mwarning[39m: [33mUsuario no autenticado[39m
[33mwarning[39m: [33mUsuario no autenticado[39m
[36minfo[39m: [36mServer running on port 8080[39m
[36minfo[39m: [36mConnected to MongoDB[39m
[36minfo[39m: [36mServer running on port 8080[39m
[36minfo[39m: [36mConnected to MongoDB[39m
[36minfo[39m: [36mServer running on port 8080[39m
[36minfo[39m: [36mConnected to MongoDB[39m
[36minfo[39m: [36musuario conectado[39m {"__v":0,"_id":"652d5f07d843f60752034817","email":"giuliani.federic0@gmail.com","first_name":"Federico","last_name":"Giuliani","password":"$2b$10$yJF6XIArtzjbYCCXt5Oqo.WD8.GMDV6ReCKXfrTUKZflIZuva.6Rq","role":"superadmin"}
[36minfo[39m: [36mServer running on port 8080[39m
[36minfo[39m: [36mConnected to MongoDB[39m
[36minfo[39m: [36mServer running on port 8080[39m
[36minfo[39m: [36mConnected to MongoDB[39m
[36minfo[39m: [36mServer running on port 8080[39m
[36minfo[39m: [36mConnected to MongoDB[39m
[36minfo[39m: [36musuario conectado[39m {"__v":0,"_id":"652d5f07d843f60752034817","email":"giuliani.federic0@gmail.com","first_name":"Federico","last_name":"Giuliani","password":"$2b$10$yJF6XIArtzjbYCCXt5Oqo.WD8.GMDV6ReCKXfrTUKZflIZuva.6Rq","role":"superadmin"}
[36minfo[39m: [36mServer running on port 8080[39m
[36minfo[39m: [36mConnected to MongoDB[39m
[36minfo[39m: [36musuario conectado[39m {"__v":0,"_id":"652d5f07d843f60752034817","email":"giuliani.federic0@gmail.com","first_name":"Federico","last_name":"Giuliani","password":"$2b$10$yJF6XIArtzjbYCCXt5Oqo.WD8.GMDV6ReCKXfrTUKZflIZuva.6Rq","role":"superadmin"}
[36minfo[39m: [36musuario conectado[39m {"__v":0,"_id":"652d5f07d843f60752034817","email":"giuliani.federic0@gmail.com","first_name":"Federico","last_name":"Giuliani","password":"$2b$10$yJF6XIArtzjbYCCXt5Oqo.WD8.GMDV6ReCKXfrTUKZflIZuva.6Rq","role":"superadmin"}
[36minfo[39m: [36musuario conectado[39m {"__v":0,"_id":"652d5f07d843f60752034817","email":"giuliani.federic0@gmail.com","first_name":"Federico","last_name":"Giuliani","password":"$2b$10$yJF6XIArtzjbYCCXt5Oqo.WD8.GMDV6ReCKXfrTUKZflIZuva.6Rq","role":"superadmin"}
[36minfo[39m: [36musuario conectado[39m {"__v":0,"_id":"652d5f07d843f60752034817","email":"giuliani.federic0@gmail.com","first_name":"Federico","last_name":"Giuliani","password":"$2b$10$yJF6XIArtzjbYCCXt5Oqo.WD8.GMDV6ReCKXfrTUKZflIZuva.6Rq","role":"superadmin"}
[36minfo[39m: [36mServer running on port 8080[39m
[36minfo[39m: [36mConnected to MongoDB[39m
[36minfo[39m: [36musuario conectado[39m {"__v":0,"_id":"652d5f07d843f60752034817","email":"giuliani.federic0@gmail.com","first_name":"Federico","last_name":"Giuliani","password":"$2b$10$yJF6XIArtzjbYCCXt5Oqo.WD8.GMDV6ReCKXfrTUKZflIZuva.6Rq","role":"superadmin"}
[36minfo[39m: [36mServer running on port 8080[39m
[36minfo[39m: [36mConnected to MongoDB[39m
[36minfo[39m: [36musuario conectado[39m {"__v":0,"_id":"652d5f07d843f60752034817","email":"giuliani.federic0@gmail.com","first_name":"Federico","last_name":"Giuliani","password":"$2b$10$yJF6XIArtzjbYCCXt5Oqo.WD8.GMDV6ReCKXfrTUKZflIZuva.6Rq","role":"superadmin"}
[36minfo[39m: [36musuario conectado[39m {"__v":0,"_id":"652d5f07d843f60752034817","email":"giuliani.federic0@gmail.com","first_name":"Federico","last_name":"Giuliani","password":"$2b$10$yJF6XIArtzjbYCCXt5Oqo.WD8.GMDV6ReCKXfrTUKZflIZuva.6Rq","role":"superadmin"}
[36minfo[39m: [36musuario conectado[39m {"__v":0,"_id":"652d5f07d843f60752034817","email":"giuliani.federic0@gmail.com","first_name":"Federico","last_name":"Giuliani","password":"$2b$10$yJF6XIArtzjbYCCXt5Oqo.WD8.GMDV6ReCKXfrTUKZflIZuva.6Rq","role":"superadmin"}
[36minfo[39m: [36musuario conectado[39m {"__v":0,"_id":"652d5f07d843f60752034817","email":"giuliani.federic0@gmail.com","first_name":"Federico","last_name":"Giuliani","password":"$2b$10$yJF6XIArtzjbYCCXt5Oqo.WD8.GMDV6ReCKXfrTUKZflIZuva.6Rq","role":"superadmin"}
[36minfo[39m: [36mServer running on port 8080[39m
[36minfo[39m: [36mServer running on port 8080[39m
[36minfo[39m: [36mConnected to MongoDB[39m
[33mwarning[39m: [33mUsuario no autenticado[39m
[36minfo[39m: [36mServer running on port 8080[39m
[36minfo[39m: [36mConnected to MongoDB[39m
[36minfo[39m: [36musuario conectado[39m {"email":"9@9.com","name":"undefined undefined","role":"freeUser"}
[36minfo[39m: [36mServer running on port 8080[39m
[36minfo[39m: [36mConnected to MongoDB[39m
[36minfo[39m: [36mServer running on port 8080[39m
[36minfo[39m: [36mConnected to MongoDB[39m
[36minfo[39m: [36mServer running on port 8080[39m
[36minfo[39m: [36mConnected to MongoDB[39m
[36minfo[39m: [36mServer running on port 8080[39m
[36minfo[39m: [36mConnected to MongoDB[39m
[36minfo[39m: [36mServer running on port 8080[39m
[36minfo[39m: [36mConnected to MongoDB[39m
[36minfo[39m: [36mServer running on port 8080[39m
[36minfo[39m: [36mConnected to MongoDB[39m
[36minfo[39m: [36mServer running on port 8080[39m
[36minfo[39m: [36mConnected to MongoDB[39m
[36minfo[39m: [36mServer running on port 8080[39m
[36minfo[39m: [36mConnected to MongoDB[39m
[36minfo[39m: [36mServer running on port 8080[39m
[36minfo[39m: [36mConnected to MongoDB[39m
[36minfo[39m: [36mServer running on port 8080[39m
[36minfo[39m: [36mConnected to MongoDB[39m
[36minfo[39m: [36mServer running on port 8080[39m
[36minfo[39m: [36mConnected to MongoDB[39m
[36minfo[39m: [36mServer running on port 8080[39m
[36minfo[39m: [36mConnected to MongoDB[39m
